2023-03-20 09:39:12  [ main:0 ] - [ DEBUG ]  Logging initialized using 'class org.apache.ibatis.logging.log4j.Log4jImpl' adapter.
2023-03-20 09:39:12  [ main:249 ] - [ DEBUG ]  Property 'mapperLocations' was not specified.
2023-03-20 09:39:14  [ main:1633 ] - [ WARN ]  Can not find table primary key in Class: "com.jc.pojo.Dept".
2023-03-20 09:39:21  [ main:9293 ] - [ DEBUG ]  Creating a new SqlSession
2023-03-20 09:39:21  [ main:9301 ] - [ DEBUG ]  SqlSession [org.apache.ibatis.session.defaults.DefaultSqlSession@273cefd5] was not registered for synchronization because synchronization is not active
2023-03-20 09:39:22  [ main:9613 ] - [ DEBUG ]  JDBC Connection [com.mysql.jdbc.JDBC4Connection@b7e20f2] will not be managed by Spring
2023-03-20 09:39:22  [ main:9619 ] - [ DEBUG ]  ==>  Preparing: SELECT deptno,dname,db_source FROM dept
2023-03-20 09:39:22  [ main:9637 ] - [ DEBUG ]  ==> Parameters: 
2023-03-20 09:39:22  [ main:9651 ] - [ DEBUG ]  <==      Total: 5
2023-03-20 09:39:22  [ main:9652 ] - [ DEBUG ]  Closing non transactional SqlSession [org.apache.ibatis.session.defaults.DefaultSqlSession@273cefd5]
2023-03-20 09:44:23  [ main:0 ] - [ DEBUG ]  Logging initialized using 'class org.apache.ibatis.logging.log4j.Log4jImpl' adapter.
2023-03-20 09:44:23  [ main:167 ] - [ DEBUG ]  Property 'mapperLocations' was not specified.
2023-03-20 09:44:25  [ main:1488 ] - [ WARN ]  Can not find table primary key in Class: "com.jc.pojo.Dept".
2023-03-20 09:44:44  [ main:20664 ] - [ DEBUG ]  Creating a new SqlSession
2023-03-20 09:44:44  [ main:20687 ] - [ DEBUG ]  SqlSession [org.apache.ibatis.session.defaults.DefaultSqlSession@77e11820] was not registered for synchronization because synchronization is not active
2023-03-20 09:44:44  [ main:21204 ] - [ DEBUG ]  JDBC Connection [com.mysql.jdbc.JDBC4Connection@1100757a] will not be managed by Spring
2023-03-20 09:44:44  [ main:21244 ] - [ DEBUG ]  ==>  Preparing: SELECT deptno,dname,db_source FROM dept
2023-03-20 09:44:45  [ main:21436 ] - [ DEBUG ]  ==> Parameters: 
2023-03-20 09:44:45  [ main:21576 ] - [ DEBUG ]  <==      Total: 5
2023-03-20 09:44:45  [ main:21578 ] - [ DEBUG ]  Closing non transactional SqlSession [org.apache.ibatis.session.defaults.DefaultSqlSession@77e11820]
2023-03-20 09:47:12  [ main:0 ] - [ DEBUG ]  Logging initialized using 'class org.apache.ibatis.logging.log4j.Log4jImpl' adapter.
2023-03-20 09:47:12  [ main:162 ] - [ DEBUG ]  Property 'mapperLocations' was not specified.
2023-03-20 09:47:14  [ main:1480 ] - [ WARN ]  Can not find table primary key in Class: "com.jc.pojo.Dept".
2023-03-20 09:47:22  [ main:9567 ] - [ DEBUG ]  Creating a new SqlSession
2023-03-20 09:47:22  [ main:9573 ] - [ DEBUG ]  SqlSession [org.apache.ibatis.session.defaults.DefaultSqlSession@389c624] was not registered for synchronization because synchronization is not active
2023-03-20 09:47:22  [ main:10049 ] - [ DEBUG ]  JDBC Connection [com.mysql.jdbc.JDBC4Connection@4b11a972] will not be managed by Spring
2023-03-20 09:47:22  [ main:10053 ] - [ DEBUG ]  ==>  Preparing: SELECT deptno,dname,db_source FROM dept
2023-03-20 09:47:22  [ main:10070 ] - [ DEBUG ]  ==> Parameters: 
2023-03-20 09:47:22  [ main:10083 ] - [ DEBUG ]  <==      Total: 5
2023-03-20 09:47:22  [ main:10085 ] - [ DEBUG ]  Closing non transactional SqlSession [org.apache.ibatis.session.defaults.DefaultSqlSession@389c624]
